10-25-2021 14:09:40 INFO  [main]: Landed on https://www.flipkart.com/
10-25-2021 14:09:41 INFO  [main]: Clicked on the search Bar
10-25-2021 14:09:41 INFO  [main]: Sent search Keys
10-25-2021 14:09:43 INFO  [main]: Clicked on the phone
10-25-2021 14:09:43 INFO  [main]: Entered into failed listener
10-25-2021 14:09:43 INFO  [main]: Taking Screenshot
10-25-2021 14:09:54 INFO  [main]: Landed on https://www.flipkart.com/
10-25-2021 14:09:55 DEBUG [main]: Couldn't find template in cache for "Extent.ftl"("en_IN", UTF-8, parsed); will try to load it.
10-25-2021 14:09:55 DEBUG [main]: TemplateLoader.findTemplateSource("Extent_en_IN.ftl"): Not found
10-25-2021 14:09:55 DEBUG [main]: TemplateLoader.findTemplateSource("Extent_en.ftl"): Not found
10-25-2021 14:09:55 DEBUG [main]: TemplateLoader.findTemplateSource("Extent.ftl"): Found
10-25-2021 14:09:55 DEBUG [main]: Loading template for "Extent.ftl"("en_IN", UTF-8, parsed) from "jar:file:/C:/Users/M1074103/.m2/repository/com/relevantcodes/extentreports/2.41.2/extentreports-2.41.2.jar!/com/relevantcodes/extentreports/view/Extent.ftl"
10-25-2021 14:09:56 INFO  [main]: Entered into failed listener
10-25-2021 14:09:56 INFO  [main]: Taking Screenshot
10-25-2021 14:09:57 DEBUG [main]: Couldn't find template in cache for "Extent.ftl"("en_IN", UTF-8, parsed); will try to load it.
10-25-2021 14:09:57 DEBUG [main]: TemplateLoader.findTemplateSource("Extent_en_IN.ftl"): Not found
10-25-2021 14:09:57 DEBUG [main]: TemplateLoader.findTemplateSource("Extent_en.ftl"): Not found
10-25-2021 14:09:57 DEBUG [main]: TemplateLoader.findTemplateSource("Extent.ftl"): Found
10-25-2021 14:09:57 DEBUG [main]: Loading template for "Extent.ftl"("en_IN", UTF-8, parsed) from "jar:file:/C:/Users/M1074103/.m2/repository/com/relevantcodes/extentreports/2.41.2/extentreports-2.41.2.jar!/com/relevantcodes/extentreports/view/Extent.ftl"
10-25-2021 14:10:08 INFO  [main]: Landed on https://www.flipkart.com/
10-25-2021 14:10:08 INFO  [main]: User not logged in
10-25-2021 14:10:08 INFO  [main]: Entered into failed listener
10-25-2021 14:10:08 INFO  [main]: Taking Screenshot
10-25-2021 14:10:09 DEBUG [main]: Couldn't find template in cache for "Extent.ftl"("en_IN", UTF-8, parsed); will try to load it.
10-25-2021 14:10:09 DEBUG [main]: TemplateLoader.findTemplateSource("Extent_en_IN.ftl"): Not found
10-25-2021 14:10:09 DEBUG [main]: TemplateLoader.findTemplateSource("Extent_en.ftl"): Not found
10-25-2021 14:10:09 DEBUG [main]: TemplateLoader.findTemplateSource("Extent.ftl"): Found
10-25-2021 14:10:09 DEBUG [main]: Loading template for "Extent.ftl"("en_IN", UTF-8, parsed) from "jar:file:/C:/Users/M1074103/.m2/repository/com/relevantcodes/extentreports/2.41.2/extentreports-2.41.2.jar!/com/relevantcodes/extentreports/view/Extent.ftl"
10-25-2021 14:10:19 INFO  [main]: Landed on https://www.flipkart.com/
10-25-2021 14:10:21 INFO  [main]: Entered into failed listener
10-25-2021 14:10:21 INFO  [main]: Taking Screenshot
10-25-2021 14:10:21 DEBUG [main]: Couldn't find template in cache for "Extent.ftl"("en_IN", UTF-8, parsed); will try to load it.
10-25-2021 14:10:21 DEBUG [main]: TemplateLoader.findTemplateSource("Extent_en_IN.ftl"): Not found
10-25-2021 14:10:21 DEBUG [main]: TemplateLoader.findTemplateSource("Extent_en.ftl"): Not found
10-25-2021 14:10:21 DEBUG [main]: TemplateLoader.findTemplateSource("Extent.ftl"): Found
10-25-2021 14:10:21 DEBUG [main]: Loading template for "Extent.ftl"("en_IN", UTF-8, parsed) from "jar:file:/C:/Users/M1074103/.m2/repository/com/relevantcodes/extentreports/2.41.2/extentreports-2.41.2.jar!/com/relevantcodes/extentreports/view/Extent.ftl"
