10-21-2021 17:57:53 INFO  [main]: Landed on https://www.flipkart.com/
10-21-2021 17:57:54 INFO  [main]: Clicked on the search Bar
10-21-2021 17:57:54 INFO  [main]: Sent search Keys
10-21-2021 17:57:55 INFO  [main]: Clicked on the phone
10-21-2021 17:57:55 INFO  [main]: Entered into failed listener
10-21-2021 17:57:55 INFO  [main]: Taking Screenshot
10-21-2021 17:58:00 INFO  [main]: Landed on https://www.flipkart.com/
10-21-2021 17:58:00 DEBUG [main]: Couldn't find template in cache for "Extent.ftl"("en_IN", UTF-8, parsed); will try to load it.
10-21-2021 17:58:00 DEBUG [main]: TemplateLoader.findTemplateSource("Extent_en_IN.ftl"): Not found
10-21-2021 17:58:00 DEBUG [main]: TemplateLoader.findTemplateSource("Extent_en.ftl"): Not found
10-21-2021 17:58:00 DEBUG [main]: TemplateLoader.findTemplateSource("Extent.ftl"): Found
10-21-2021 17:58:00 DEBUG [main]: Loading template for "Extent.ftl"("en_IN", UTF-8, parsed) from "jar:file:/C:/Users/M1074103/.m2/repository/com/relevantcodes/extentreports/2.41.2/extentreports-2.41.2.jar!/com/relevantcodes/extentreports/view/Extent.ftl"
10-21-2021 17:58:00 INFO  [main]: Entered into failed listener
10-21-2021 17:58:00 INFO  [main]: Taking Screenshot
10-21-2021 17:58:01 DEBUG [main]: Couldn't find template in cache for "Extent.ftl"("en_IN", UTF-8, parsed); will try to load it.
10-21-2021 17:58:01 DEBUG [main]: TemplateLoader.findTemplateSource("Extent_en_IN.ftl"): Not found
10-21-2021 17:58:01 DEBUG [main]: TemplateLoader.findTemplateSource("Extent_en.ftl"): Not found
10-21-2021 17:58:01 DEBUG [main]: TemplateLoader.findTemplateSource("Extent.ftl"): Found
10-21-2021 17:58:01 DEBUG [main]: Loading template for "Extent.ftl"("en_IN", UTF-8, parsed) from "jar:file:/C:/Users/M1074103/.m2/repository/com/relevantcodes/extentreports/2.41.2/extentreports-2.41.2.jar!/com/relevantcodes/extentreports/view/Extent.ftl"
10-21-2021 17:58:06 INFO  [main]: Landed on https://www.flipkart.com/
10-21-2021 17:58:06 INFO  [main]: User not logged in
10-21-2021 17:58:06 INFO  [main]: Entered into failed listener
10-21-2021 17:58:06 INFO  [main]: Taking Screenshot
10-21-2021 17:58:07 DEBUG [main]: Couldn't find template in cache for "Extent.ftl"("en_IN", UTF-8, parsed); will try to load it.
10-21-2021 17:58:07 DEBUG [main]: TemplateLoader.findTemplateSource("Extent_en_IN.ftl"): Not found
10-21-2021 17:58:07 DEBUG [main]: TemplateLoader.findTemplateSource("Extent_en.ftl"): Not found
10-21-2021 17:58:07 DEBUG [main]: TemplateLoader.findTemplateSource("Extent.ftl"): Found
10-21-2021 17:58:07 DEBUG [main]: Loading template for "Extent.ftl"("en_IN", UTF-8, parsed) from "jar:file:/C:/Users/M1074103/.m2/repository/com/relevantcodes/extentreports/2.41.2/extentreports-2.41.2.jar!/com/relevantcodes/extentreports/view/Extent.ftl"
10-21-2021 17:58:12 INFO  [main]: Landed on https://www.flipkart.com/
10-21-2021 17:58:12 INFO  [main]: Entered into failed listener
10-21-2021 17:58:12 INFO  [main]: Taking Screenshot
10-21-2021 17:58:13 DEBUG [main]: Couldn't find template in cache for "Extent.ftl"("en_IN", UTF-8, parsed); will try to load it.
10-21-2021 17:58:13 DEBUG [main]: TemplateLoader.findTemplateSource("Extent_en_IN.ftl"): Not found
10-21-2021 17:58:13 DEBUG [main]: TemplateLoader.findTemplateSource("Extent_en.ftl"): Not found
10-21-2021 17:58:13 DEBUG [main]: TemplateLoader.findTemplateSource("Extent.ftl"): Found
10-21-2021 17:58:13 DEBUG [main]: Loading template for "Extent.ftl"("en_IN", UTF-8, parsed) from "jar:file:/C:/Users/M1074103/.m2/repository/com/relevantcodes/extentreports/2.41.2/extentreports-2.41.2.jar!/com/relevantcodes/extentreports/view/Extent.ftl"
